{
  "0 debug pnpm:scope": {
    "selected": 1
  },
  "1 error pnpm": {
    "code": "ELIFECYCLE",
    "errno": "ENOENT",
    "syscall": "spawn",
    "file": "sh",
    "pkgid": "@",
    "stage": "prod",
    "script": "npm run production",
    "err": {
      "name": "pnpm",
      "message": "@ prod: `npm run production`\nspawn ENOENT",
      "code": "ELIFECYCLE",
      "stack": "pnpm: @ prod: `npm run production`\nspawn ENOENT\n    at ChildProcess.<anonymous> (/Users/hafiznugraha/Library/pnpm-global/5/node_modules/.pnpm/pnpm@6.32.3/node_modules/pnpm/dist/pnpm.cjs:92278:22)\n    at ChildProcess.emit (node:events:390:28)\n    at maybeClose (node:internal/child_process:1064:16)\n    at Process.ChildProcess._handle.onexit (node:internal/child_process:301:5)"
    }
  },
  "2 warn pnpm:global": " Local package.json exists, but node_modules missing, did you mean to install?"
}